<?xml version="1.0" encoding="UTF-8"?>
<Site BuildName="(empty)"
	BuildStamp="20240512-1155-Experimental"
	Name="(empty)"
	Generator="ctest-3.29.1"
	CompilerName=""
	CompilerVersion=""
	OSName="Linux"
	Hostname="GAMING-4"
	OSRelease="5.15.0-106-generic"
	OSVersion="#116-Ubuntu SMP Wed Apr 17 09:17:56 UTC 2024"
	OSPlatform="x86_64"
	Is64Bits="1"
	VendorString="GenuineIntel"
	VendorID="Intel Corporation"
	FamilyID="6"
	ModelID="158"
	ProcessorCacheSize="6144"
	NumberOfLogicalCPU="4"
	NumberOfPhysicalCPU="4"
	TotalVirtualMemory="2047"
	TotalPhysicalMemory="15931"
	LogicalProcessorsPerPhysical="1"
	ProcessorClockFrequency="3347.71"
	>
	<Testing>
		<StartDateTime>May 12 13:56 CEST</StartDateTime>
		<StartTestTime>1715514965</StartTestTime>
		<TestList/>
		<EndDateTime>May 12 13:56 CEST</EndDateTime>
		<EndTestTime>1715514965</EndTestTime>
		<ElapsedMinutes>0</ElapsedMinutes>
	</Testing>
</Site>
