<?xml version="1.0" encoding="UTF-8"?>
<Site BuildName="(empty)"
	BuildStamp="20240531-2111-Experimental"
	Name="(empty)"
	Generator="ctest-3.29.1"
	CompilerName=""
	CompilerVersion=""
	OSName="Linux"
	Hostname="GAMING-4"
	OSRelease="5.15.0-107-generic"
	OSVersion="#117-Ubuntu SMP Fri Apr 26 12:26:49 UTC 2024"
	OSPlatform="x86_64"
	Is64Bits="1"
	VendorString="GenuineIntel"
	VendorID="Intel Corporation"
	FamilyID="6"
	ModelID="158"
	ProcessorCacheSize="6144"
	NumberOfLogicalCPU="4"
	NumberOfPhysicalCPU="4"
	TotalVirtualMemory="2047"
	TotalPhysicalMemory="15931"
	LogicalProcessorsPerPhysical="1"
	ProcessorClockFrequency="2504.41"
	>
	<Testing>
		<StartDateTime>May 31 23:11 CEST</StartDateTime>
		<StartTestTime>1717189866</StartTestTime>
		<TestList/>
		<EndDateTime>May 31 23:11 CEST</EndDateTime>
		<EndTestTime>1717189866</EndTestTime>
		<ElapsedMinutes>0</ElapsedMinutes>
	</Testing>
</Site>
